[2025-12-30T21:07:18+00:00] [syncthing-device-sync-monitor.sh v1.1.1] ERROR: Env file not found: /root/.syncthing-health.env
[2025-12-30T21:07:23+00:00] [syncthing-device-sync-monitor.sh v1.1.1] ERROR: Env file not found: /root/.syncthing-health.env
[2025-12-30T21:08:31+00:00] [syncthing-device-sync-monitor.sh v1.1.1] ERROR: Env file not found: /root/.syncthing-health.env
[2025-12-30T21:08:38+00:00] [syncthing-device-sync-monitor.sh v1.1.1] ERROR: Env file not found: /root/.syncthing-health.env
[2025-12-30T21:09:34+00:00] [syncthing-device-sync-monitor.sh v1.1.1] ERROR: Env file not found: /home/ecloaiza/.syncthing-health.env
[2025-12-30T21:10:00+00:00] [syncthing-device-sync-monitor.sh v1.1.1] ERROR: Env file not found: /home/ecloaiza/.syncthing-health.env
[2025-12-30T21:10:23+00:00] [syncthing-device-sync-monitor.sh v1.1.1] ERROR: Env file not found: /home/ecloaiza/.syncthing-health.env
[2025-12-30T21:13:28+00:00] [syncthing-device-sync-monitor.sh v1.1.1] ERROR: Env file not found: /home/ecloaiza/.syncthing-health.env
[2025-12-30T21:14:21+00:00] [syncthing-device-sync-monitor.sh v1.1.0] ERROR: Env file not found: /root/.syncthing-health.env
[2025-12-30T21:17:50+00:00] [syncthing-device-sync-monitor.sh v1.1.0] Starting monitor
[2025-12-30T21:17:50+00:00] [syncthing-device-sync-monitor.sh v1.1.0] ERROR: Missing env file: /root/.syncthing-health.env
[2025-12-30T21:17:58+00:00] [syncthing-device-sync-monitor.sh v1.1.0] Starting monitor
[2025-12-30T21:17:58+00:00] [syncthing-device-sync-monitor.sh v1.1.0] ERROR: Missing env file: /root/.syncthing-health.env
[2025-12-30T21:21:18+00:00] [syncthing-device-sync-monitor.sh v1.1.2] Starting monitor
[2025-12-30T21:21:18+00:00] [syncthing-device-sync-monitor.sh v1.1.2] ERROR: Missing env file: /root/.syncthing-health.env
[2025-12-30T21:21:40+00:00] [syncthing-device-sync-monitor.sh v1.1.2] Starting monitor
[2025-12-30T21:21:40+00:00] [syncthing-device-sync-monitor.sh v1.1.2] ERROR: Missing env file: /root/.syncthing-health.env
[2025-12-30T21:21:43+00:00] [syncthing-device-sync-monitor.sh v1.1.2] Starting monitor
[2025-12-30T21:21:43+00:00] [syncthing-device-sync-monitor.sh v1.1.2] ERROR: Missing env file: /root/.syncthing-health.env
[2025-12-30T21:21:44+00:00] [syncthing-device-sync-monitor.sh v1.1.2] Starting monitor
[2025-12-30T21:21:44+00:00] [syncthing-device-sync-monitor.sh v1.1.2] ERROR: Missing env file: /root/.syncthing-health.env
[2025-12-30T21:21:44+00:00] [syncthing-device-sync-monitor.sh v1.1.2] Starting monitor
[2025-12-30T21:21:44+00:00] [syncthing-device-sync-monitor.sh v1.1.2] ERROR: Missing env file: /root/.syncthing-health.env
[2025-12-30T21:22:59+00:00] [syncthing-device-sync-monitor.sh v1.1.2] Starting monitor
[2025-12-30T21:23:00+00:00] [syncthing-device-sync-monitor.sh v1.1.2] OK: Device fully in sync
[2025-12-30T21:29:03+00:00] [syncthing-device-sync-monitor.sh v1.1.1] Starting monitor
[2025-12-30T21:29:03+00:00] [syncthing-device-sync-monitor.sh v1.1.1] ERROR: Env file not found: /home/ecloaiza/.syncthing-health.env
[2025-12-30T21:29:06+00:00] [syncthing-device-sync-monitor.sh v1.1.1] Starting monitor
[2025-12-30T21:29:06+00:00] [syncthing-device-sync-monitor.sh v1.1.1] ERROR: Env file not found: /home/ecloaiza/.syncthing-health.env
[2025-12-30T21:29:07+00:00] [syncthing-device-sync-monitor.sh v1.1.1] Starting monitor
[2025-12-30T21:29:07+00:00] [syncthing-device-sync-monitor.sh v1.1.1] ERROR: Env file not found: /home/ecloaiza/.syncthing-health.env
[2025-12-30T21:29:08+00:00] [syncthing-device-sync-monitor.sh v1.1.1] Starting monitor
[2025-12-30T21:29:08+00:00] [syncthing-device-sync-monitor.sh v1.1.1] ERROR: Env file not found: /home/ecloaiza/.syncthing-health.env
[2025-12-30T21:29:10+00:00] [syncthing-device-sync-monitor.sh v1.1.1] Starting monitor
[2025-12-30T21:29:10+00:00] [syncthing-device-sync-monitor.sh v1.1.1] ERROR: Env file not found: /home/ecloaiza/.syncthing-health.env
[2025-12-30T21:29:31+00:00] [syncthing-device-sync-monitor.sh v1.1.1] Starting monitor
[2025-12-30T21:29:31+00:00] [syncthing-device-sync-monitor.sh v1.1.1] ERROR: Env file not found: /home/ecloaiza/.syncthing-health.env
[2025-12-30T21:29:34+00:00] [syncthing-device-sync-monitor.sh v1.1.1] Starting monitor
[2025-12-30T21:29:34+00:00] [syncthing-device-sync-monitor.sh v1.1.1] ERROR: Env file not found: /home/ecloaiza/.syncthing-health.env
[2025-12-30T21:29:38+00:00] [syncthing-device-sync-monitor.sh v1.1.1] Starting monitor
[2025-12-30T21:29:38+00:00] [syncthing-device-sync-monitor.sh v1.1.1] ERROR: Env file not found: /home/ecloaiza/.syncthing-health.env
[2025-12-30T21:29:39+00:00] [syncthing-device-sync-monitor.sh v1.1.1] Starting monitor
[2025-12-30T21:29:39+00:00] [syncthing-device-sync-monitor.sh v1.1.1] ERROR: Env file not found: /home/ecloaiza/.syncthing-health.env
[2025-12-30T21:29:40+00:00] [syncthing-device-sync-monitor.sh v1.1.1] Starting monitor
[2025-12-30T21:29:40+00:00] [syncthing-device-sync-monitor.sh v1.1.1] ERROR: Env file not found: /home/ecloaiza/.syncthing-health.env
[2025-12-30T21:29:41+00:00] [syncthing-device-sync-monitor.sh v1.1.1] Starting monitor
[2025-12-30T21:29:41+00:00] [syncthing-device-sync-monitor.sh v1.1.1] ERROR: Env file not found: /home/ecloaiza/.syncthing-health.env
[2025-12-30T21:30:10+00:00] [syncthing-device-sync-monitor.sh v1.1.2] Starting monitor
[2025-12-30T21:30:10+00:00] [syncthing-device-sync-monitor.sh v1.1.2] OK: Device fully in sync
[2025-12-30T21:32:22+00:00] [syncthing-device-sync-monitor.sh v1.1.2] Starting monitor
[2025-12-30T21:32:23+00:00] [syncthing-device-sync-monitor.sh v1.1.2] OK: Device fully in sync
[2025-12-30T22:05:24+00:00] [syncthing-device-sync-monitor.sh v1.2.0] Starting monitor
[2025-12-30T22:05:24+00:00] [syncthing-device-sync-monitor.sh v1.2.0] OK: Device fully in sync
