OK: All folders healthy
OK: All folders healthy
[DEBUG 2025-12-30T21:17:55+00:00] Starting health check
[DEBUG 2025-12-30T21:17:55+00:00] Folder 'eloaiza-Linux-Downloads' state = idle
[DEBUG 2025-12-30T21:17:55+00:00] Folder 'eloaiza-MAC-Downloads' state = idle
[DEBUG 2025-12-30T21:17:55+00:00] Folder 'eloaiza_Documents' state = idle
[DEBUG 2025-12-30T21:17:55+00:00] Folder 'eloaiza_WIN-Downloads' state = idle
[DEBUG 2025-12-30T21:17:55+00:00] Folder 'eloaizac-SEMPRA_Documents' state = idle
[DEBUG 2025-12-30T21:17:55+00:00] Folder 'nicole-Documents' state = idle
[DEBUG 2025-12-30T21:17:55+00:00] Folder 'nicole-Documents-Onedrive' state = idle
[DEBUG 2025-12-30T21:17:55+00:00] Folder 'nicole-desktop' state = idle
[DEBUG 2025-12-30T21:17:55+00:00] Folder 'nicole-downloads' state = idle
[DEBUG 2025-12-30T21:17:55+00:00] Folder 'rbuelna-desktop' state = idle
[DEBUG 2025-12-30T21:17:55+00:00] Folder 'rbuelna-documents' state = idle
[DEBUG 2025-12-30T21:17:55+00:00] Folder 'rbuelna-downloads' state = idle
[DEBUG 2025-12-30T21:17:55+00:00] All folders healthy
OK: All folders healthy
[DEBUG 2025-12-30T21:21:46+00:00] Starting health check
[DEBUG 2025-12-30T21:21:46+00:00] Folder 'eloaiza-Linux-Downloads' state = idle
[DEBUG 2025-12-30T21:21:46+00:00] Folder 'eloaiza-MAC-Downloads' state = idle
[DEBUG 2025-12-30T21:21:46+00:00] Folder 'eloaiza_Documents' state = idle
[DEBUG 2025-12-30T21:21:46+00:00] Folder 'eloaiza_WIN-Downloads' state = idle
[DEBUG 2025-12-30T21:21:46+00:00] Folder 'eloaizac-SEMPRA_Documents' state = idle
[DEBUG 2025-12-30T21:21:46+00:00] Folder 'nicole-Documents' state = idle
[DEBUG 2025-12-30T21:21:46+00:00] Folder 'nicole-Documents-Onedrive' state = idle
[DEBUG 2025-12-30T21:21:46+00:00] Folder 'nicole-desktop' state = idle
[DEBUG 2025-12-30T21:21:46+00:00] Folder 'nicole-downloads' state = idle
[DEBUG 2025-12-30T21:21:46+00:00] Folder 'rbuelna-desktop' state = idle
[DEBUG 2025-12-30T21:21:46+00:00] Folder 'rbuelna-documents' state = idle
[DEBUG 2025-12-30T21:21:46+00:00] Folder 'rbuelna-downloads' state = idle
[DEBUG 2025-12-30T21:21:46+00:00] All folders healthy
OK: All folders healthy
[DEBUG 2025-12-30T21:22:57+00:00] Starting health check
[DEBUG 2025-12-30T21:22:57+00:00] Folder 'eloaiza-Linux-Downloads' state = idle
[DEBUG 2025-12-30T21:22:57+00:00] Folder 'eloaiza-MAC-Downloads' state = idle
[DEBUG 2025-12-30T21:22:57+00:00] Folder 'eloaiza_Documents' state = idle
[DEBUG 2025-12-30T21:22:57+00:00] Folder 'eloaiza_WIN-Downloads' state = idle
[DEBUG 2025-12-30T21:22:57+00:00] Folder 'eloaizac-SEMPRA_Documents' state = idle
[DEBUG 2025-12-30T21:22:57+00:00] Folder 'nicole-Documents' state = idle
[DEBUG 2025-12-30T21:22:57+00:00] Folder 'nicole-Documents-Onedrive' state = idle
[DEBUG 2025-12-30T21:22:57+00:00] Folder 'nicole-desktop' state = idle
[DEBUG 2025-12-30T21:22:57+00:00] Folder 'nicole-downloads' state = idle
[DEBUG 2025-12-30T21:22:57+00:00] Folder 'rbuelna-desktop' state = idle
[DEBUG 2025-12-30T21:22:57+00:00] Folder 'rbuelna-documents' state = idle
[DEBUG 2025-12-30T21:22:58+00:00] Folder 'rbuelna-downloads' state = idle
[DEBUG 2025-12-30T21:22:58+00:00] All folders healthy
OK: All folders healthy
